<?xml version="1.0" encoding="UTF-8"?>
<testng-results skipped="0" failed="0" total="1" passed="1">
  <reporter-output>
  </reporter-output>
  <suite name="ApiTest" duration-ms="3973" started-at="2020-09-14T10:08:01Z" finished-at="2020-09-14T10:08:05Z">
    <groups>
    </groups>
    <test name="testEnv" duration-ms="3973" started-at="2020-09-14T10:08:01Z" finished-at="2020-09-14T10:08:05Z">
      <class name="com.loex.tests.TestCase">
        <test-method status="PASS" signature="tt()[pri:0, instance:com.loex.tests.TestCase@47f6473]" name="tt" duration-ms="3953" started-at="2020-09-14T18:08:01Z" finished-at="2020-09-14T18:08:05Z">
          <reporter-output>
          </reporter-output>
        </test-method> <!-- tt -->
      </class> <!-- com.loex.tests.TestCase -->
    </test> <!-- testEnv -->
  </suite> <!-- ApiTest -->
</testng-results>
