<?xml version="1.0" encoding="UTF-8"?>
<!-- Generated by org.testng.reporters.JUnitXMLReporter -->
<testsuite hostname="DESKTOP-4K1TBNQ" name="productionEnv" tests="110" failures="1" timestamp="14 Sep 2020 07:36:35 GMT" time="118.019" errors="0">
  <testcase name="apiTest" time="1.986" classname="com.loex.tests.WebApiTests"/>
  <testcase name="apiTest" time="1.035" classname="com.loex.tests.WebApiTests"/>
  <testcase name="apiTest" time="1.054" classname="com.loex.tests.WebApiTests"/>
  <testcase name="apiTest" time="1.128" classname="com.loex.tests.WebApiTests"/>
  <testcase name="apiTest" time="1.05" classname="com.loex.tests.WebApiTests"/>
  <testcase name="apiTest" time="1.051" classname="com.loex.tests.WebApiTests"/>
  <testcase name="apiTest" time="1.048" classname="com.loex.tests.WebApiTests"/>
  <testcase name="apiTest" time="1.043" classname="com.loex.tests.WebApiTests"/>
  <testcase name="apiTest" time="1.027" classname="com.loex.tests.WebApiTests"/>
  <testcase name="apiTest" time="1.026" classname="com.loex.tests.WebApiTests"/>
  <testcase name="apiTest" time="1.114" classname="com.loex.tests.WebApiTests"/>
  <testcase name="apiTest" time="1.028" classname="com.loex.tests.WebApiTests"/>
  <testcase name="apiTest" time="1.033" classname="com.loex.tests.WebApiTests"/>
  <testcase name="apiTest" time="1.031" classname="com.loex.tests.WebApiTests"/>
  <testcase name="apiTest" time="1.03" classname="com.loex.tests.WebApiTests"/>
  <testcase name="apiTest" time="1.033" classname="com.loex.tests.WebApiTests"/>
  <testcase name="apiTest" time="1.031" classname="com.loex.tests.WebApiTests"/>
  <testcase name="apiTest" time="1.036" classname="com.loex.tests.WebApiTests"/>
  <testcase name="apiTest" time="1.172" classname="com.loex.tests.WebApiTests"/>
  <testcase name="apiTest" time="1.033" classname="com.loex.tests.WebApiTests"/>
  <testcase name="apiTest" time="1.072" classname="com.loex.tests.WebApiTests"/>
  <testcase name="apiTest" time="1.028" classname="com.loex.tests.WebApiTests"/>
  <testcase name="apiTest" time="1.796" classname="com.loex.tests.WebApiTests"/>
  <testcase name="apiTest" time="1.046" classname="com.loex.tests.WebApiTests"/>
  <testcase name="apiTest" time="1.032" classname="com.loex.tests.WebApiTests"/>
  <testcase name="apiTest" time="1.029" classname="com.loex.tests.WebApiTests"/>
  <testcase name="apiTest" time="1.032" classname="com.loex.tests.WebApiTests"/>
  <testcase name="apiTest" time="1.034" classname="com.loex.tests.WebApiTests"/>
  <testcase name="apiTest" time="1.042" classname="com.loex.tests.WebApiTests"/>
  <testcase name="apiTest" time="1.047" classname="com.loex.tests.WebApiTests"/>
  <testcase name="apiTest" time="1.035" classname="com.loex.tests.WebApiTests"/>
  <testcase name="apiTest" time="1.039" classname="com.loex.tests.WebApiTests"/>
  <testcase name="apiTest" time="1.206" classname="com.loex.tests.WebApiTests"/>
  <testcase name="apiTest" time="1.193" classname="com.loex.tests.WebApiTests"/>
  <testcase name="apiTest" time="1.17" classname="com.loex.tests.WebApiTests"/>
  <testcase name="apiTest" time="1.182" classname="com.loex.tests.WebApiTests"/>
  <testcase name="apiTest" time="1.193" classname="com.loex.tests.WebApiTests"/>
  <testcase name="apiTest" time="1.028" classname="com.loex.tests.WebApiTests"/>
  <testcase name="apiTest" time="1.038" classname="com.loex.tests.WebApiTests"/>
  <testcase name="apiTest" time="1.037" classname="com.loex.tests.WebApiTests"/>
  <testcase name="apiTest" time="1.038" classname="com.loex.tests.WebApiTests"/>
  <testcase name="apiTest" time="1.031" classname="com.loex.tests.WebApiTests"/>
  <testcase name="apiTest" time="1.038" classname="com.loex.tests.WebApiTests"/>
  <testcase name="apiTest" time="1.031" classname="com.loex.tests.WebApiTests"/>
  <testcase name="apiTest" time="1.031" classname="com.loex.tests.WebApiTests"/>
  <testcase name="apiTest" time="1.04" classname="com.loex.tests.WebApiTests"/>
  <testcase name="apiTest" time="1.044" classname="com.loex.tests.WebApiTests"/>
  <testcase name="apiTest" time="1.155" classname="com.loex.tests.WebApiTests"/>
  <testcase name="apiTest" time="1.167" classname="com.loex.tests.WebApiTests"/>
  <testcase name="apiTest" time="1.153" classname="com.loex.tests.WebApiTests"/>
  <testcase name="apiTest" time="1.16" classname="com.loex.tests.WebApiTests"/>
  <testcase name="apiTest" time="1.237" classname="com.loex.tests.WebApiTests"/>
  <testcase name="apiTest" time="1.031" classname="com.loex.tests.WebApiTests"/>
  <testcase name="apiTest" time="1.03" classname="com.loex.tests.WebApiTests"/>
  <testcase name="apiTest" time="1.039" classname="com.loex.tests.WebApiTests"/>
  <testcase name="apiTest" time="1.031" classname="com.loex.tests.WebApiTests"/>
  <testcase name="apiTest" time="1.071" classname="com.loex.tests.WebApiTests"/>
  <testcase name="apiTest" time="1.046" classname="com.loex.tests.WebApiTests"/>
  <testcase name="apiTest" time="1.048" classname="com.loex.tests.WebApiTests"/>
  <testcase name="apiTest" time="1.055" classname="com.loex.tests.WebApiTests"/>
  <testcase name="apiTest" time="1.023" classname="com.loex.tests.WebApiTests"/>
  <testcase name="apiTest" time="1.133" classname="com.loex.tests.WebApiTests"/>
  <testcase name="apiTest" time="1.388" classname="com.loex.tests.WebApiTests"/>
  <testcase name="apiTest" time="1.275" classname="com.loex.tests.WebApiTests"/>
  <testcase name="apiTest" time="1.043" classname="com.loex.tests.WebApiTests"/>
  <testcase name="apiTest" time="1.036" classname="com.loex.tests.WebApiTests"/>
  <testcase name="apiTest" time="1.024" classname="com.loex.tests.WebApiTests"/>
  <testcase name="apiTest" time="1.035" classname="com.loex.tests.WebApiTests"/>
  <testcase name="apiTest" time="1.044" classname="com.loex.tests.WebApiTests"/>
  <testcase name="apiTest" time="1.041" classname="com.loex.tests.WebApiTests"/>
  <testcase name="apiTest" time="1.037" classname="com.loex.tests.WebApiTests"/>
  <testcase name="apiTest" time="1.037" classname="com.loex.tests.WebApiTests"/>
  <testcase name="apiTest" time="1.021" classname="com.loex.tests.WebApiTests"/>
  <testcase name="apiTest" time="1.03" classname="com.loex.tests.WebApiTests"/>
  <testcase name="apiTest" time="1.038" classname="com.loex.tests.WebApiTests"/>
  <testcase name="apiTest" time="1.174" classname="com.loex.tests.WebApiTests"/>
  <testcase name="apiTest" time="1.045" classname="com.loex.tests.WebApiTests"/>
  <testcase name="apiTest" time="1.037" classname="com.loex.tests.WebApiTests"/>
  <testcase name="apiTest" time="1.031" classname="com.loex.tests.WebApiTests"/>
  <testcase name="apiTest" time="1.024" classname="com.loex.tests.WebApiTests"/>
  <testcase name="apiTest" time="1.035" classname="com.loex.tests.WebApiTests"/>
  <testcase name="apiTest" time="1.037" classname="com.loex.tests.WebApiTests"/>
  <testcase name="apiTest" time="1.035" classname="com.loex.tests.WebApiTests"/>
  <testcase name="apiTest" time="1.043" classname="com.loex.tests.WebApiTests"/>
  <testcase name="apiTest" time="1.046" classname="com.loex.tests.WebApiTests"/>
  <testcase name="apiTest" time="1.121" classname="com.loex.tests.WebApiTests"/>
  <testcase name="apiTest" time="1.035" classname="com.loex.tests.WebApiTests"/>
  <testcase name="apiTest" time="1.062" classname="com.loex.tests.WebApiTests"/>
  <testcase name="apiTest" time="1.151" classname="com.loex.tests.WebApiTests"/>
  <testcase name="apiTest" time="1.054" classname="com.loex.tests.WebApiTests"/>
  <testcase name="apiTest" time="1.031" classname="com.loex.tests.WebApiTests"/>
  <testcase name="apiTest" time="1.027" classname="com.loex.tests.WebApiTests"/>
  <testcase name="apiTest" time="1.036" classname="com.loex.tests.WebApiTests"/>
  <testcase name="apiTest" time="1.045" classname="com.loex.tests.WebApiTests"/>
  <testcase name="apiTest" time="1.103" classname="com.loex.tests.WebApiTests"/>
  <testcase name="apiTest" time="1.04" classname="com.loex.tests.WebApiTests"/>
  <testcase name="apiTest" time="1.037" classname="com.loex.tests.WebApiTests"/>
  <testcase name="apiTest" time="1.045" classname="com.loex.tests.WebApiTests"/>
  <testcase name="apiTest" time="1.035" classname="com.loex.tests.WebApiTests"/>
  <testcase name="apiTest" time="1.038" classname="com.loex.tests.WebApiTests"/>
  <testcase name="apiTest" time="1.035" classname="com.loex.tests.WebApiTests"/>
  <testcase name="apiTest" time="1.035" classname="com.loex.tests.WebApiTests"/>
  <testcase name="apiTest" time="1.041" classname="com.loex.tests.WebApiTests"/>
  <testcase name="apiTest" time="1.044" classname="com.loex.tests.WebApiTests"/>
  <testcase name="apiTest" time="1.112" classname="com.loex.tests.WebApiTests"/>
  <testcase name="apiTest" time="1.032" classname="com.loex.tests.WebApiTests"/>
  <testcase name="apiTest" time="1.023" classname="com.loex.tests.WebApiTests"/>
  <testcase name="apiTest" time="1.03" classname="com.loex.tests.WebApiTests"/>
  <testcase name="apiTest" time="1.049" classname="com.loex.tests.WebApiTests"/>
  <testcase name="apiTest" time="0.025" classname="com.loex.tests.WebApiTests">
    <failure type="java.lang.AssertionError" message="expected [0] but found [非0]">
      <![CDATA[java.lang.AssertionError: expected [0] but found [非0]
	at org.testng.Assert.fail(Assert.java:94)
	at org.testng.Assert.failNotEquals(Assert.java:513)
	at org.testng.Assert.assertEqualsImpl(Assert.java:135)
	at org.testng.Assert.assertEquals(Assert.java:116)
	at org.testng.Assert.assertEquals(Assert.java:190)
	at org.testng.Assert.assertEquals(Assert.java:200)
	at com.loex.tests.WebApiTests.apiTest(WebApiTests.java:364)
	at sun.reflect.GeneratedMethodAccessor4.invoke(Unknown Source)
	at sun.reflect.DelegatingMethodAccessorImpl.invoke(DelegatingMethodAccessorImpl.java:43)
	at java.lang.reflect.Method.invoke(Method.java:498)
	at org.testng.internal.MethodInvocationHelper.invokeMethod(MethodInvocationHelper.java:86)
	at org.testng.internal.Invoker.invokeMethod(Invoker.java:643)
	at org.testng.internal.Invoker.invokeTestMethod(Invoker.java:820)
	at org.testng.internal.Invoker.invokeTestMethods(Invoker.java:1128)
	at org.testng.internal.TestMethodWorker.invokeTestMethods(TestMethodWorker.java:129)
	at org.testng.internal.TestMethodWorker.run(TestMethodWorker.java:112)
	at java.util.concurrent.ThreadPoolExecutor.runWorker(ThreadPoolExecutor.java:1149)
	at java.util.concurrent.ThreadPoolExecutor$Worker.run(ThreadPoolExecutor.java:624)
	at java.lang.Thread.run(Thread.java:748)
]]>
    </failure>
  </testcase> <!-- apiTest -->
</testsuite> <!-- productionEnv -->
